<?xml version="1.0" encoding="UTF-8"?>
<testng-results skipped="0" failed="0" ignored="0" total="2" passed="2">
  <reporter-output>
  </reporter-output>
  <suite name="Suite" duration-ms="15923" started-at="2022-03-31T12:44:14 IST" finished-at="2022-03-31T12:44:30 IST">
    <groups>
    </groups>
    <test name="DargDropTest" duration-ms="14218" started-at="2022-03-31T12:44:14 IST" finished-at="2022-03-31T12:44:29 IST">
      <class name="actionExample.DragDropExample">
        <test-method status="PASS" signature="dragdropTest1()[pri:0, instance:actionExample.DragDropExample@553f17c]" name="dragdropTest1" duration-ms="14123" started-at="2022-03-31T12:44:14 IST" finished-at="2022-03-31T12:44:29 IST">
          <reporter-output>
          </reporter-output>
        </test-method> <!-- dragdropTest1 -->
      </class> <!-- actionExample.DragDropExample -->
    </test> <!-- DargDropTest -->
    <test name="DargDropTest1" duration-ms="15923" started-at="2022-03-31T12:44:14 IST" finished-at="2022-03-31T12:44:30 IST">
      <class name="actionExample.DragDropExample2">
        <test-method status="PASS" signature="dragdropTest1()[pri:0, instance:actionExample.DragDropExample2@71423665]" name="dragdropTest1" duration-ms="15835" started-at="2022-03-31T12:44:14 IST" finished-at="2022-03-31T12:44:30 IST">
          <reporter-output>
          </reporter-output>
        </test-method> <!-- dragdropTest1 -->
      </class> <!-- actionExample.DragDropExample2 -->
    </test> <!-- DargDropTest1 -->
  </suite> <!-- Suite -->
</testng-results>
