<?xml version="1.0" encoding="UTF-8"?>
<testng-results ignored="0" total="2" passed="2" failed="0" skipped="0">
  <reporter-output>
  </reporter-output>
  <suite started-at="2022-03-31T12:17:48 IST" name="Suite" finished-at="2022-03-31T12:18:12 IST" duration-ms="24166">
    <groups>
    </groups>
    <test started-at="2022-03-31T12:17:48 IST" name="DargDropTest" finished-at="2022-03-31T12:18:00 IST" duration-ms="12210">
      <class name="actionExample.DragDropExample">
        <test-method signature="dragdropTest1()[pri:0, instance:actionExample.DragDropExample@4de4b452]" started-at="2022-03-31T12:17:48 IST" name="dragdropTest1" finished-at="2022-03-31T12:18:00 IST" duration-ms="12135" status="PASS">
          <reporter-output>
          </reporter-output>
        </test-method> <!-- dragdropTest1 -->
      </class> <!-- actionExample.DragDropExample -->
    </test> <!-- DargDropTest -->
    <test started-at="2022-03-31T12:18:00 IST" name="DargDropTest1" finished-at="2022-03-31T12:18:12 IST" duration-ms="11925">
      <class name="actionExample.DragDropExample2">
        <test-method signature="dragdropTest1()[pri:0, instance:actionExample.DragDropExample2@43dac38f]" started-at="2022-03-31T12:18:00 IST" name="dragdropTest1" finished-at="2022-03-31T12:18:12 IST" duration-ms="11921" status="PASS">
          <reporter-output>
          </reporter-output>
        </test-method> <!-- dragdropTest1 -->
      </class> <!-- actionExample.DragDropExample2 -->
    </test> <!-- DargDropTest1 -->
  </suite> <!-- Suite -->
</testng-results>
